<?xml version="1.0" encoding="UTF-8"?>
<!-- Generated by org.testng.reporters.JUnitReportReporter -->
<testsuite hostname="DESKTOP-16GKO38" failures="0" tests="2" name="com.etp.base.Login" time="18.900" errors="0" timestamp="2022-07-20T11:42:09 IST" skipped="0">
  <testcase classname="com.etp.base.Login" name="Login" time="15.439"/>
  <system-out/>
  <testcase classname="com.etp.base.Login" name="InitializeDriver" time="3.461"/>
  <system-out/>
</testsuite> <!-- com.etp.base.Login -->
