<?xml version="1.0" encoding="UTF-8"?>
<!-- Generated by org.testng.reporters.JUnitReportReporter -->
<testsuite hostname="DESKTOP-16GKO38" failures="0" tests="2" name="com.etp.unified.VendorMaster$BulkPromoCreate" time="50.296" errors="0" timestamp="2022-07-19T18:12:14 IST" skipped="0">
  <testcase classname="com.etp.unified.VendorMaster$BulkPromoCreate" name="openVendorMaster" time="8.663"/>
  <system-out/>
  <testcase classname="com.etp.unified.VendorMaster$BulkPromoCreate" name="createVendorMaster" time="41.633"/>
  <system-out/>
</testsuite> <!-- com.etp.unified.VendorMaster$BulkPromoCreate -->
